<?xml version="1.0" encoding="UTF-8"?>
<!-- Generated by org.testng.reporters.JUnitReportReporter -->
<testsuite skipped="0" hostname="DESKTOP-S5LKBSA" name="com.clearcode.testsuite.TestSuite1" tests="1" failures="0" timestamp="2020-06-26T11:46:43 IST" time="24.826" errors="0">
  <testcase name="product" time="24.826" classname="com.clearcode.testsuite.TestSuite1"/>
</testsuite> <!-- com.clearcode.testsuite.TestSuite1 -->
